<?xml version="1.0" encoding="UTF-8"?>
<testsuite name="ohtu.matkakortti.KassapaateTest" tests="4" skipped="0" failures="0" errors="0" timestamp="2020-02-23T10:30:44" hostname="DESKTOP-1Q8SKGO" time="0.663">
  <properties/>
  <testcase name="kortilleEiLadataJosLatausNegatiivinen" classname="ohtu.matkakortti.KassapaateTest" time="0.639"/>
  <testcase name="kortiltaVelotetaanHintaJosRahaaOn" classname="ohtu.matkakortti.KassapaateTest" time="0.019"/>
  <testcase name="kortilleLadataanJosLatausPositiivinen" classname="ohtu.matkakortti.KassapaateTest" time="0.001"/>
  <testcase name="kortiltaEiVelotetaJosRahaEiRiita" classname="ohtu.matkakortti.KassapaateTest" time="0.002"/>
  <system-out><![CDATA[]]></system-out>
  <system-err><![CDATA[]]></system-err>
</testsuite>
